<?xml version="1.0" encoding="UTF-8"?>
<!-- Generated by org.testng.reporters.JUnitReportReporter -->
<testsuite hostname="DESKTOP-50POJSR" failures="0" tests="2" name="testingPackage.CreateConatcttest" time="0.005" errors="0" timestamp="07 Aug 2024 10:51:38 GMT" skipped="0">
  <testcase classname="testingPackage.CreateConatcttest" name="createContactTest" time="0.005"/>
  <testcase classname="testingPackage.CreateConatcttest" name="createContactTestWithSupportDate" time="0.000"/>
</testsuite> <!-- testingPackage.CreateConatcttest -->
