<?xml version="1.0" encoding="UTF-8"?>
<!-- Generated by org.testng.reporters.JUnitReportReporter -->
<testsuite hostname="DESKTOP-50POJSR" failures="0" tests="3" name="testingPackage.GetProductinfoTest" time="12.657" errors="0" timestamp="07 Aug 2024 08:22:28 GMT" skipped="0">
  <testcase classname="testingPackage.GetProductinfoTest" name="getProductInfoTest" time="4.072"/>
  <testcase classname="testingPackage.GetProductinfoTest" name="getProductInfoTest" time="4.493"/>
  <testcase classname="testingPackage.GetProductinfoTest" name="getProductInfoTest" time="4.092"/>
</testsuite> <!-- testingPackage.GetProductinfoTest -->
