<?xml version="1.0" encoding="UTF-8"?>
<!-- Generated by org.testng.reporters.JUnitReportReporter -->
<testsuite hostname="DESKTOP-50POJSR" failures="0" tests="2" name="com.crm.comcast.orgtest.CreateOrgTest1" time="20.619" errors="0" timestamp="09 Aug 2024 11:48:06 GMT" skipped="0">
  <testcase classname="com.crm.comcast.orgtest.CreateOrgTest1" name="createContactWithDate" time="10.320"/>
  <testcase classname="com.crm.comcast.orgtest.CreateOrgTest1" name="createContactWithDate" time="10.299"/>
</testsuite> <!-- com.crm.comcast.orgtest.CreateOrgTest1 -->
