<?xml version="1.0" encoding="UTF-8"?>
<!-- Generated by org.testng.reporters.JUnitReportReporter -->
<testsuite hostname="DESKTOP-50POJSR" failures="0" tests="4" name="com.crm.comcast.contactTest.CreateContactTest1" time="101.798" errors="0" timestamp="09 Aug 2024 11:48:06 GMT" skipped="0">
  <testcase classname="com.crm.comcast.contactTest.CreateContactTest1" name="createContact" time="24.423"/>
  <testcase classname="com.crm.comcast.contactTest.CreateContactTest1" name="createContactWithSupportDate" time="26.757"/>
  <testcase classname="com.crm.comcast.contactTest.CreateContactTest1" name="createContactWithSupportDate" time="26.142"/>
  <testcase classname="com.crm.comcast.contactTest.CreateContactTest1" name="createContact" time="24.476"/>
</testsuite> <!-- com.crm.comcast.contactTest.CreateContactTest1 -->
