<?xml version="1.0" encoding="UTF-8"?>
<!-- Generated by org.testng.reporters.JUnitReportReporter -->
<testsuite hostname="DESKTOP-50POJSR" failures="0" tests="1" name="requestChaining.Scenario_3_getPayRollInfo" time="3.505" errors="0" timestamp="2024-11-16T19:18:04 IST" skipped="0">
  <testcase classname="requestChaining.Scenario_3_getPayRollInfo" name="samppleTest" time="3.505"/>
</testsuite> <!-- requestChaining.Scenario_3_getPayRollInfo -->
