<?xml version="1.0" encoding="UTF-8"?>
<!-- Generated by org.testng.reporters.JUnitReportReporter -->
<testsuite hostname="DESKTOP-50POJSR" failures="0" tests="1" name="typesOfParameter.QueryParamTest2" time="2.172" errors="0" timestamp="2024-10-29T15:12:55 IST" skipped="0">
  <testcase classname="typesOfParameter.QueryParamTest2" name="sampleTest" time="2.172"/>
</testsuite> <!-- typesOfParameter.QueryParamTest2 -->
