<?xml version="1.0" encoding="UTF-8"?>
<!-- Generated by org.testng.reporters.JUnitReportReporter -->
<testsuite hostname="DESKTOP-50POJSR" failures="0" tests="1" name="Practice.Runner" time="0.036" errors="0" timestamp="2024-11-15T23:03:28 IST" skipped="0">
  <testcase classname="Practice.Runner" name="sampleTest" time="0.036"/>
</testsuite> <!-- Practice.Runner -->
