<?xml version="1.0" encoding="UTF-8"?>
<!-- Generated by org.testng.reporters.JUnitReportReporter -->
<testsuite hostname="DESKTOP-50POJSR" failures="0" tests="1" name="encryption.API_ENcodeTest" time="1.405" errors="0" timestamp="2024-11-04T14:44:28 IST" skipped="0">
  <testcase classname="encryption.API_ENcodeTest" name="sampleTest" time="1.405"/>
</testsuite> <!-- encryption.API_ENcodeTest -->
