<?xml version="1.0" encoding="UTF-8"?>
<!-- Generated by org.testng.reporters.JUnitReportReporter -->
<testsuite hostname="DESKTOP-50POJSR" failures="0" tests="1" name="practicePostRequestTypes.PostReq_Via_HashMapObject" time="1.901" errors="0" timestamp="2024-10-24T16:46:07 IST" skipped="0">
  <testcase classname="practicePostRequestTypes.PostReq_Via_HashMapObject" name="postDataToServer" time="1.901"/>
</testsuite> <!-- practicePostRequestTypes.PostReq_Via_HashMapObject -->
