<?xml version="1.0" encoding="UTF-8"?>
<!-- Generated by org.testng.reporters.JUnitReportReporter -->
<testsuite hostname="DESKTOP-50POJSR" failures="0" tests="1" name="practiceresponseValidation.VerifyResponseTime" time="1.671" errors="0" timestamp="2024-10-25T11:48:29 IST" skipped="0">
  <testcase classname="practiceresponseValidation.VerifyResponseTime" name="verifyHeader" time="1.671"/>
</testsuite> <!-- practiceresponseValidation.VerifyResponseTime -->
