<?xml version="1.0" encoding="UTF-8"?>
<!-- Generated by org.testng.reporters.JUnitReportReporter -->
<testsuite hostname="DESKTOP-50POJSR" failures="0" tests="1" name="requestChaining.Scenario_1_Delete_Project" time="2.257" errors="0" timestamp="2024-10-28T11:56:59 IST" skipped="0">
  <testcase classname="requestChaining.Scenario_1_Delete_Project" name="postDataToServer" time="2.257"/>
</testsuite> <!-- requestChaining.Scenario_1_Delete_Project -->
