<?xml version="1.0" encoding="UTF-8"?>
<!-- Generated by org.testng.reporters.JUnitReportReporter -->
<testsuite hostname="DESKTOP-50POJSR" failures="0" tests="1" name="encryption.EncodeAndDecodeTest" time="0.010" errors="0" timestamp="2024-11-16T21:03:47 IST" skipped="0">
  <testcase classname="encryption.EncodeAndDecodeTest" name="sampleTest" time="0.010"/>
</testsuite> <!-- encryption.EncodeAndDecodeTest -->
