<?xml version="1.0" encoding="UTF-8"?>
<!-- Generated by org.testng.reporters.JUnitReportReporter -->
<testsuite hostname="DESKTOP-50POJSR" failures="0" tests="1" name="crudOperationWithBdd.SampleTestForReadtest" time="1.912" errors="0" timestamp="2024-10-23T15:12:00 IST" skipped="0">
  <testcase classname="crudOperationWithBdd.SampleTestForReadtest" name="getDataFromServer" time="1.912"/>
</testsuite> <!-- crudOperationWithBdd.SampleTestForReadtest -->
