<?xml version="1.0" encoding="UTF-8"?>
<!-- Generated by org.testng.reporters.JUnitReportReporter -->
<testsuite hostname="DESKTOP-50POJSR" failures="0" tests="1" name="crudOperationWithBdd.SampleTestForParcialUpdateTest" time="1.611" errors="0" timestamp="2024-10-23T16:03:32 IST" skipped="0">
  <testcase classname="crudOperationWithBdd.SampleTestForParcialUpdateTest" name="putDataFromServer" time="1.611"/>
</testsuite> <!-- crudOperationWithBdd.SampleTestForParcialUpdateTest -->
