<?xml version="1.0" encoding="UTF-8"?>
<!-- Generated by org.testng.reporters.JUnitReportReporter -->
<testsuite hostname="DESKTOP-50POJSR" failures="0" tests="1" name="Pac.SampleTest" time="1.788" errors="0" timestamp="2024-10-01T16:18:18 IST" skipped="0">
  <testcase classname="Pac.SampleTest" name="sampleGetRequestTest" time="1.788"/>
</testsuite> <!-- Pac.SampleTest -->
