<?xml version="1.0" encoding="UTF-8"?>
<!-- Generated by org.testng.reporters.JUnitReportReporter -->
<testsuite hostname="DESKTOP-50POJSR" failures="0" tests="1" name="typesOfParameter.FormParameterTest" time="1.498" errors="0" timestamp="2024-10-29T15:21:22 IST" skipped="0">
  <testcase classname="typesOfParameter.FormParameterTest" name="sampleTest" time="1.498"/>
</testsuite> <!-- typesOfParameter.FormParameterTest -->
