<?xml version="1.0" encoding="UTF-8"?>
<!-- Generated by org.testng.reporters.JUnitReportReporter -->
<testsuite hostname="DESKTOP-50POJSR" failures="0" tests="1" name="com.sample.crudOperationwithoutBBD.SampleTestForParcialUpdateTest2" time="1.602" errors="0" timestamp="2024-10-23T13:18:49 IST" skipped="0">
  <testcase classname="com.sample.crudOperationwithoutBBD.SampleTestForParcialUpdateTest2" name="putDataFromServer" time="1.602"/>
</testsuite> <!-- com.sample.crudOperationwithoutBBD.SampleTestForParcialUpdateTest2 -->
