<?xml version="1.0" encoding="UTF-8"?>
<!-- Generated by org.testng.reporters.JUnitReportReporter -->
<testsuite hostname="DESKTOP-50POJSR" failures="0" tests="1" name="com.sample.crudOperationwithoutBBD.SampleTestForCreatetest2" time="1.438" errors="0" timestamp="2024-10-23T11:01:24 IST" skipped="0">
  <testcase classname="com.sample.crudOperationwithoutBBD.SampleTestForCreatetest2" name="postDataFromServer" time="1.438"/>
</testsuite> <!-- com.sample.crudOperationwithoutBBD.SampleTestForCreatetest2 -->
