<?xml version="1.0" encoding="UTF-8"?>
<!-- Generated by org.testng.reporters.JUnitReportReporter -->
<testsuite hostname="DESKTOP-50POJSR" failures="0" tests="1" name="authtest.Auth2_Test" time="3.319" errors="0" timestamp="2024-11-16T20:44:10 IST" skipped="0">
  <testcase classname="authtest.Auth2_Test" name="sampleTest" time="3.319"/>
</testsuite> <!-- authtest.Auth2_Test -->
