<?xml version="1.0" encoding="UTF-8"?>
<!-- Generated by org.testng.reporters.JUnitReportReporter -->
<testsuite hostname="DESKTOP-50POJSR" failures="0" tests="1" name="authtest.BearerTokenTest$PremtiveAuthTest" time="1.276" errors="0" timestamp="2024-10-29T17:52:55 IST" skipped="0">
  <testcase classname="authtest.BearerTokenTest$PremtiveAuthTest" name="sampleTest" time="1.276"/>
</testsuite> <!-- authtest.BearerTokenTest$PremtiveAuthTest -->
