<?xml version="1.0" encoding="UTF-8"?>
<!-- Generated by org.testng.reporters.JUnitReportReporter -->
<testsuite hostname="DESKTOP-50POJSR" failures="0" tests="1" name="authtest.BasicAuthTest" time="1.523" errors="0" timestamp="2024-10-29T16:53:17 IST" skipped="0">
  <testcase classname="authtest.BasicAuthTest" name="sampleTest" time="1.523"/>
</testsuite> <!-- authtest.BasicAuthTest -->
