<?xml version="1.0" encoding="UTF-8"?>
<!-- Generated by org.testng.reporters.JUnitReportReporter -->
<testsuite hostname="DESKTOP-50POJSR" failures="0" tests="1" name="crudOperationWithBdd.SampleTestForCompleteUpdateTest" time="1.822" errors="0" timestamp="2024-10-23T15:38:28 IST" skipped="0">
  <testcase classname="crudOperationWithBdd.SampleTestForCompleteUpdateTest" name="putDataFromServer" time="1.822"/>
</testsuite> <!-- crudOperationWithBdd.SampleTestForCompleteUpdateTest -->
