<?xml version="1.0" encoding="UTF-8"?>
<!-- Generated by org.testng.reporters.JUnitReportReporter -->
<testsuite hostname="DESKTOP-50POJSR" failures="0" tests="3" name="ddt.AddMultipleProjectTest" time="1.980" errors="0" timestamp="2024-11-05T11:22:30 IST" skipped="0">
  <testcase classname="ddt.AddMultipleProjectTest" name="createProject" time="0.146"/>
  <testcase classname="ddt.AddMultipleProjectTest" name="createProject" time="1.702"/>
  <testcase classname="ddt.AddMultipleProjectTest" name="createProject" time="0.132"/>
</testsuite> <!-- ddt.AddMultipleProjectTest -->
