<?xml version="1.0" encoding="UTF-8"?>
<!-- Generated by org.testng.reporters.JUnitReportReporter -->
<testsuite hostname="DESKTOP-50POJSR" failures="0" tests="1" name="typesOfParameter.PathParamTest" time="1.916" errors="0" timestamp="2024-11-16T19:07:26 IST" skipped="0">
  <testcase classname="typesOfParameter.PathParamTest" name="sampleTest" time="1.916"/>
</testsuite> <!-- typesOfParameter.PathParamTest -->
