<?xml version="1.0" encoding="UTF-8"?>
<!-- Generated by org.testng.reporters.JUnitReportReporter -->
<testsuite hostname="DESKTOP-50POJSR" failures="0" tests="1" name="com.sample.crudOperationwithoutBBD.SampleTestForCompleteUpdateTest" time="1.956" errors="0" timestamp="2024-10-23T12:56:01 IST" skipped="0">
  <testcase classname="com.sample.crudOperationwithoutBBD.SampleTestForCompleteUpdateTest" name="putDataFromServer" time="1.956"/>
</testsuite> <!-- com.sample.crudOperationwithoutBBD.SampleTestForCompleteUpdateTest -->
