<?xml version="1.0" encoding="UTF-8"?>
<!-- Generated by org.testng.reporters.JUnitReportReporter -->
<testsuite hostname="DESKTOP-50POJSR" failures="0" tests="1" name="practiceresponseValidation.VerifyResponseBody_jsonpath" time="2.406" errors="0" timestamp="2024-11-18T17:58:28 IST" skipped="0">
  <testcase classname="practiceresponseValidation.VerifyResponseBody_jsonpath" name="SampleTest" time="2.406"/>
</testsuite> <!-- practiceresponseValidation.VerifyResponseBody_jsonpath -->
