<?xml version="1.0" encoding="UTF-8"?>
<!-- Generated by org.testng.reporters.JUnitReportReporter -->
<testsuite hostname="DESKTOP-50POJSR" failures="0" tests="1" name="Practice.SampleTestUsingMethodchaining" time="2.387" errors="0" timestamp="2024-11-15T23:02:14 IST" skipped="0">
  <testcase classname="Practice.SampleTestUsingMethodchaining" name="getRequestTest" time="2.387"/>
</testsuite> <!-- Practice.SampleTestUsingMethodchaining -->
