<?xml version="1.0" encoding="UTF-8"?>
<!-- Generated by org.testng.reporters.JUnitReportReporter -->
<testsuite hostname="DESKTOP-50POJSR" failures="0" tests="1" name="panCardMock.CreditPaymentTest" time="1.721" errors="0" timestamp="2024-11-07T14:59:51 IST" skipped="0">
  <testcase classname="panCardMock.CreditPaymentTest" name="sampleTest" time="1.721"/>
</testsuite> <!-- panCardMock.CreditPaymentTest -->
