<?xml version="1.0" encoding="UTF-8"?>
<!-- Generated by org.testng.reporters.JUnitReportReporter -->
<testsuite hostname="DESKTOP-50POJSR" failures="0" tests="1" name="practicePostRequestTypes.PostReq_Via_JsonObject" time="1.859" errors="0" timestamp="2024-10-24T16:37:01 IST" skipped="0">
  <testcase classname="practicePostRequestTypes.PostReq_Via_JsonObject" name="postDataToServer" time="1.859"/>
</testsuite> <!-- practicePostRequestTypes.PostReq_Via_JsonObject -->
