<?xml version="1.0" encoding="UTF-8"?>
<!-- Generated by org.testng.reporters.JUnitReportReporter -->
<testsuite hostname="DESKTOP-50POJSR" failures="0" tests="1" name="authtest.digestiveAuthTest" time="1.436" errors="0" timestamp="2024-10-29T17:00:37 IST" skipped="0">
  <testcase classname="authtest.digestiveAuthTest" name="sampleTest" time="1.436"/>
</testsuite> <!-- authtest.digestiveAuthTest -->
