<?xml version="1.0" encoding="UTF-8"?>
<!-- Generated by org.testng.reporters.JUnitReportReporter -->
<testsuite hostname="DESKTOP-50POJSR" failures="0" tests="9" name="ddt.DataDrivenTesting" time="2.002" errors="0" timestamp="2024-11-05T17:59:16 IST" skipped="0">
  <testcase classname="ddt.DataDrivenTesting" name="createProject" time="0.112"/>
  <testcase classname="ddt.DataDrivenTesting" name="createProject" time="0.126"/>
  <testcase classname="ddt.DataDrivenTesting" name="createProject" time="0.105"/>
  <testcase classname="ddt.DataDrivenTesting" name="createProject" time="0.105"/>
  <testcase classname="ddt.DataDrivenTesting" name="createProject" time="0.105"/>
  <testcase classname="ddt.DataDrivenTesting" name="createProject" time="0.117"/>
  <testcase classname="ddt.DataDrivenTesting" name="createProject" time="1.125"/>
  <testcase classname="ddt.DataDrivenTesting" name="createProject" time="0.107"/>
  <testcase classname="ddt.DataDrivenTesting" name="createProject" time="0.100"/>
</testsuite> <!-- ddt.DataDrivenTesting -->
