<?xml version="1.0" encoding="UTF-8"?>
<!-- Generated by org.testng.reporters.JUnitReportReporter -->
<testsuite hostname="DESKTOP-50POJSR" failures="0" tests="1" name="typesOfParameter.QueryParamTest" time="1.512" errors="0" timestamp="2024-10-29T12:04:57 IST" skipped="0">
  <testcase classname="typesOfParameter.QueryParamTest" name="sampleTest" time="1.512"/>
</testsuite> <!-- typesOfParameter.QueryParamTest -->
