<?xml version="1.0" encoding="UTF-8"?>
<!-- Generated by org.testng.reporters.JUnitReportReporter -->
<testsuite hostname="DESKTOP-50POJSR" failures="0" tests="1" name="Practice.SampleTest" time="2.050" errors="0" timestamp="2024-11-15T23:00:00 IST" skipped="0">
  <testcase classname="Practice.SampleTest" name="sampleGetRequestTest" time="2.050"/>
</testsuite> <!-- Practice.SampleTest -->
