<?xml version="1.0" encoding="UTF-8"?>
<!-- Generated by org.testng.reporters.JUnitReportReporter -->
<testsuite hostname="DESKTOP-50POJSR" failures="0" tests="1" name="encryption.AESEncryptTest" time="0.061" errors="0" timestamp="2024-11-16T21:00:55 IST" skipped="0">
  <testcase classname="encryption.AESEncryptTest" name="sampleTest" time="0.061"/>
</testsuite> <!-- encryption.AESEncryptTest -->
