<?xml version="1.0" encoding="UTF-8"?>
<!-- Generated by org.testng.reporters.JUnitReportReporter -->
<testsuite hostname="DESKTOP-50POJSR" failures="0" tests="1" name="crudOperationWithBdd.SampleTestForReadtest2" time="2.011" errors="0" timestamp="2024-10-23T15:16:12 IST" skipped="0">
  <testcase classname="crudOperationWithBdd.SampleTestForReadtest2" name="getDataFromServer" time="2.011"/>
</testsuite> <!-- crudOperationWithBdd.SampleTestForReadtest2 -->
