<?xml version="1.0" encoding="UTF-8"?>
<!-- Generated by org.testng.reporters.JUnitReportReporter -->
<testsuite hostname="DESKTOP-50POJSR" failures="0" tests="1" name="crudOperationWithBdd.SampleTestForCreateTest" time="1.440" errors="0" timestamp="2024-10-23T15:28:58 IST" skipped="0">
  <testcase classname="crudOperationWithBdd.SampleTestForCreateTest" name="postDataFromServer" time="1.440"/>
</testsuite> <!-- crudOperationWithBdd.SampleTestForCreateTest -->
