<?xml version="1.0" encoding="UTF-8"?>
<!-- Generated by org.testng.reporters.JUnitReportReporter -->
<testsuite hostname="DESKTOP-50POJSR" failures="0" tests="1" name="com.sample.crudOperationwithoutBBD.SampleTestForReadtest" time="1.589" errors="0" timestamp="2024-10-22T17:42:12 IST" skipped="0">
  <testcase classname="com.sample.crudOperationwithoutBBD.SampleTestForReadtest" name="getDataFromServer" time="1.589"/>
</testsuite> <!-- com.sample.crudOperationwithoutBBD.SampleTestForReadtest -->
