<?xml version="1.0" encoding="UTF-8"?>
<!-- Generated by org.testng.reporters.JUnitReportReporter -->
<testsuite hostname="DESKTOP-50POJSR" failures="0" tests="1" name="requestChaining.Scenario_2_AddEmployeeToProject" time="2.412" errors="0" timestamp="2024-10-28T15:28:26 IST" skipped="0">
  <testcase classname="requestChaining.Scenario_2_AddEmployeeToProject" name="sample" time="2.412"/>
</testsuite> <!-- requestChaining.Scenario_2_AddEmployeeToProject -->
