<?xml version="1.0" encoding="UTF-8"?>
<!-- Generated by org.testng.reporters.JUnitReportReporter -->
<testsuite hostname="DESKTOP-50POJSR" failures="0" tests="1" name="typesOfParameter.ParamParameterTest" time="2.198" errors="0" timestamp="2024-10-29T15:26:51 IST" skipped="0">
  <testcase classname="typesOfParameter.ParamParameterTest" name="sampleTest" time="2.198"/>
</testsuite> <!-- typesOfParameter.ParamParameterTest -->
