<?xml version="1.0" encoding="UTF-8"?>
<!-- Generated by org.testng.reporters.JUnitReportReporter -->
<testsuite hostname="DESKTOP-50POJSR" failures="0" tests="1" name="practicePostRequestTypes.PostReq_Via_PojoClassTest" time="1.976" errors="0" timestamp="2024-10-24T17:52:20 IST" skipped="0">
  <testcase classname="practicePostRequestTypes.PostReq_Via_PojoClassTest" name="postDataToServer" time="1.976"/>
</testsuite> <!-- practicePostRequestTypes.PostReq_Via_PojoClassTest -->
