<?xml version="1.0" encoding="UTF-8"?>
<!-- Generated by org.testng.reporters.JUnitReportReporter -->
<testsuite hostname="DESKTOP-50POJSR" failures="0" tests="1" name="practiceresponseValidation.VereifyResponseHeader" time="1.790" errors="0" timestamp="2024-11-18T17:46:11 IST" skipped="0">
  <testcase classname="practiceresponseValidation.VereifyResponseHeader" name="verifyHeader" time="1.790"/>
</testsuite> <!-- practiceresponseValidation.VereifyResponseHeader -->
