<?xml version="1.0" encoding="UTF-8"?>
<!-- Generated by org.testng.reporters.JUnitReportReporter -->
<testsuite hostname="DESKTOP-50POJSR" failures="0" tests="1" name="authtest.BearerTokenTest" time="1.251" errors="0" timestamp="2024-10-29T18:09:06 IST" skipped="0">
  <testcase classname="authtest.BearerTokenTest" name="sampleTest" time="1.251"/>
</testsuite> <!-- authtest.BearerTokenTest -->
