<?xml version="1.0" encoding="UTF-8"?>
<!-- Generated by org.testng.reporters.JUnitXMLReporter -->
<testsuite ignored="0" hostname="DESKTOP-50POJSR" failures="0" tests="2" name="Test-1" time="47.424" errors="0" timestamp="09 Aug 2024 10:00:35 GMT">
  <testcase classname="com.crm.comcast.contactTest.CreateContactTest1" name="createContact" time="10.507"/>
  <testcase classname="com.crm.comcast.contactTest.CreateContactTest1" name="createContactWithSupportDate" time="13.241"/>
</testsuite> <!-- Test-1 -->
