<?xml version="1.0" encoding="UTF-8"?>
<!-- Generated by org.testng.reporters.JUnitXMLReporter -->
<testsuite ignored="2" hostname="DESKTOP-50POJSR" failures="0" tests="3" name="Test-FireFox" time="68.775" errors="0" timestamp="09 Aug 2024 11:48:06 GMT">
  <testcase classname="com.crm.comcast.contactTest.CreateContactTest1" name="createContact" time="15.072"/>
  <testcase classname="com.crm.comcast.contactTest.CreateContactTest1" name="createContactWithSupportDate" time="15.937"/>
  <testcase classname="com.crm.comcast.orgtest.CreateOrgTest1" name="createContactWithDate" time="0.001"/>
  <testcase classname="com.crm.generic.baseutility.BaseClass" name="@AfterSuite configAs" time="0.0">
    <ignored/>
  </testcase> <!-- @AfterSuite configAs -->
  <testcase classname="com.crm.generic.baseutility.BaseClass" name="@BeforeSuite configBs" time="0.0">
    <ignored/>
  </testcase> <!-- @BeforeSuite configBs -->
</testsuite> <!-- Test-FireFox -->
