<?xml version="1.0" encoding="UTF-8"?>
<!-- Generated by org.testng.reporters.JUnitXMLReporter -->
<testsuite ignored="0" hostname="DESKTOP-50POJSR" failures="0" tests="1" name="Test-2" time="15.243" errors="0" timestamp="09 Aug 2024 10:00:03 GMT">
  <testcase classname="com.crm.comcast.orgtest.CreateOrgTest1" name="createContactWithDate" time="0.014"/>
</testsuite> <!-- Test-2 -->
