<?xml version="1.0" encoding="UTF-8"?>
<!-- Generated by org.testng.reporters.JUnitReportReporter -->
<testsuite hostname="DESKTOP-50POJSR" failures="0" tests="1" name="testScript.REaddatafromtestngxml" time="0.010" errors="0" timestamp="21 Jul 2024 06:47:09 GMT" skipped="0">
  <testcase classname="testScript.REaddatafromtestngxml" name="sampleTest" time="0.010"/>
</testsuite> <!-- testScript.REaddatafromtestngxml -->
