<?xml version="1.0" encoding="UTF-8"?>
<!-- Generated by org.testng.reporters.JUnitReportReporter -->
<testsuite hostname="DESKTOP-50POJSR" failures="0" tests="3" name="practice.CreateContacttestUsingdataprovider" time="0.014" errors="0" timestamp="06 Aug 2024 12:16:10 GMT" skipped="0">
  <testcase classname="practice.CreateContacttestUsingdataprovider" name="createContactTest" time="0.012"/>
  <testcase classname="practice.CreateContacttestUsingdataprovider" name="createContactTest" time="0.001"/>
  <testcase classname="practice.CreateContacttestUsingdataprovider" name="createContactTest" time="0.001"/>
</testsuite> <!-- practice.CreateContacttestUsingdataprovider -->
