<?xml version="1.0" encoding="UTF-8"?>
<!-- Generated by org.testng.reporters.JUnitReportReporter -->
<testsuite hostname="DESKTOP-50POJSR" failures="0" tests="1" name="practice.sampletestwithpom" time="10.117" errors="0" timestamp="02 Aug 2024 09:59:12 GMT" skipped="0">
  <testcase classname="practice.sampletestwithpom" name="sampleTest" time="10.117"/>
</testsuite> <!-- practice.sampletestwithpom -->
