<?xml version="1.0" encoding="UTF-8"?>
<!-- Generated by org.testng.reporters.JUnitReportReporter -->
<testsuite hostname="DESKTOP-50POJSR" failures="0" tests="1" name="testScript.REadruntimeparametertest" time="0.000" errors="0" timestamp="18 Jul 2024 13:23:44 GMT" skipped="0">
  <testcase classname="testScript.REadruntimeparametertest" name="runtimeParameterTest" time="0.000"/>
</testsuite> <!-- testScript.REadruntimeparametertest -->
