<?xml version="1.0" encoding="UTF-8"?>
<!-- Generated by org.testng.reporters.JUnitReportReporter -->
<testsuite hostname="DESKTOP-50POJSR" failures="0" tests="2" name="com.ninza.hrm.api.employeetest.EmployeeTest" time="1.752" errors="0" timestamp="2024-11-11T17:57:17 IST" skipped="0">
  <testcase classname="com.ninza.hrm.api.employeetest.EmployeeTest" name="addEmployeeTest" time="1.479"/>
  <testcase classname="com.ninza.hrm.api.employeetest.EmployeeTest" name="addEmployeeWithoutEmailTest" time="0.273"/>
</testsuite> <!-- com.ninza.hrm.api.employeetest.EmployeeTest -->
