<?xml version="1.0" encoding="UTF-8"?>
<!-- Generated by org.testng.reporters.JUnitReportReporter -->
<testsuite hostname="DESKTOP-50POJSR" failures="0" tests="2" name="com.minza.hrm.api.projecttest.ProjectTest" time="0.719" errors="0" timestamp="2024-11-11T17:57:17 IST" skipped="0">
  <testcase classname="com.minza.hrm.api.projecttest.ProjectTest" name="addSingleProjectWithCreated" time="0.599"/>
  <testcase classname="com.minza.hrm.api.projecttest.ProjectTest" name="createduplicateProjectTest" time="0.120"/>
</testsuite> <!-- com.minza.hrm.api.projecttest.ProjectTest -->
